<?xml version="1.0" encoding="UTF-8"?>
<!-- Generated by org.testng.reporters.JUnitReportReporter -->
<testsuite skipped="0" hostname="Mathews-Laptop" name="testscripts.Regressiontest" tests="1" failures="0" timestamp="2020-05-18T11:31:44 IST" time="35.510" errors="0">
  <testcase name="verifyRemoveFileOnRemoveBtnClickInCreateTimeSheetPage" time="35.510" classname="testscripts.Regressiontest"/>
  <system-out/>
</testsuite> <!-- testscripts.Regressiontest -->
