<?xml version="1.0" encoding="UTF-8"?>
<!-- Generated by org.testng.reporters.JUnitReportReporter -->
<testsuite skipped="0" hostname="Mathews-Laptop" name="utilities.ExcelToDataProvider" tests="2" failures="0" timestamp="2020-05-11T22:51:53 IST" time="0.028" errors="0">
  <testcase name="fillUserForm" time="0.020" classname="utilities.ExcelToDataProvider"/>
  <system-out/>
  <testcase name="fillUserForm" time="0.008" classname="utilities.ExcelToDataProvider"/>
  <system-out/>
</testsuite> <!-- utilities.ExcelToDataProvider -->
